<?xml version="1.0" encoding="UTF-8"?>
<!-- Generated by org.testng.reporters.JUnitReportReporter -->
<testsuite hostname="DESKTOP-402V9A7" failures="0" tests="12" name="cucumber.framework.runner.jcadmin.JCAdminRunner" time="341.576" errors="0" timestamp="2022-10-03T22:18:18 WIB" skipped="0">
  <testcase classname="cucumber.framework.runner.jcadmin.JCAdminRunner" name="runScenario" time="27.732"/>
  <system-out/>
  <testcase classname="cucumber.framework.runner.jcadmin.JCAdminRunner" name="runScenario" time="28.434"/>
  <system-out/>
  <testcase classname="cucumber.framework.runner.jcadmin.JCAdminRunner" name="runScenario" time="27.343"/>
  <system-out/>
  <testcase classname="cucumber.framework.runner.jcadmin.JCAdminRunner" name="runScenario" time="27.282"/>
  <system-out/>
  <testcase classname="cucumber.framework.runner.jcadmin.JCAdminRunner" name="runScenario" time="27.402"/>
  <system-out/>
  <testcase classname="cucumber.framework.runner.jcadmin.JCAdminRunner" name="runScenario" time="27.175"/>
  <system-out/>
  <testcase classname="cucumber.framework.runner.jcadmin.JCAdminRunner" name="runScenario" time="36.365"/>
  <system-out/>
  <testcase classname="cucumber.framework.runner.jcadmin.JCAdminRunner" name="runScenario" time="28.594"/>
  <system-out/>
  <testcase classname="cucumber.framework.runner.jcadmin.JCAdminRunner" name="runScenario" time="27.789"/>
  <system-out/>
  <testcase classname="cucumber.framework.runner.jcadmin.JCAdminRunner" name="runScenario" time="27.798"/>
  <system-out/>
  <testcase classname="cucumber.framework.runner.jcadmin.JCAdminRunner" name="runScenario" time="27.935"/>
  <system-out/>
  <testcase classname="cucumber.framework.runner.jcadmin.JCAdminRunner" name="runScenario" time="27.727"/>
  <system-out/>
</testsuite> <!-- cucumber.framework.runner.jcadmin.JCAdminRunner -->
